build/app/intermediates/manifest_merge_blame_file/release/manifest-merger-blame-release-report.txt
1<?xml version="1.0" encoding="utf-8"?>
2<manifest xmlns:android="http://schemas.android.com/apk/res/android"
3    package="com.premier.premierpulse"
4    android:versionCode="4"
5    android:versionName="4.0.0" >
6
7    <uses-sdk
8        android:minSdkVersion="21"
8-->src\main\AndroidManifest.xml
9        android:targetSdkVersion="33" />
9-->src\main\AndroidManifest.xml
10
11    <uses-permission android:name="android.permission.INTERNET" /> <!-- Add this -->
11-->src\main\AndroidManifest.xml:35:5-66
11-->src\main\AndroidManifest.xml:35:22-64
12    <uses-permission android:name="android.permission.ACCESS_FINE_LOCATION" />
12-->src\main\AndroidManifest.xml:36:5-79
12-->src\main\AndroidManifest.xml:36:22-76
13    <uses-permission android:name="android.permission.ACCESS_NETWORK_STATE" />
13-->[:connectivity] AndroidManifest.xml:9:5-79
13-->[:connectivity] AndroidManifest.xml:9:22-76
14
15    <permission
15-->[androidx.core:core:1.10.1] AndroidManifest.xml:22:5-24:47
16        android:name="com.premier.premierpulse.DYNAMIC_RECEIVER_NOT_EXPORTED_PERMISSION"
16-->[androidx.core:core:1.10.1] AndroidManifest.xml:23:9-81
17        android:protectionLevel="signature" />
17-->[androidx.core:core:1.10.1] AndroidManifest.xml:24:9-44
18
19    <uses-permission android:name="com.premier.premierpulse.DYNAMIC_RECEIVER_NOT_EXPORTED_PERMISSION" />
19-->[androidx.core:core:1.10.1] AndroidManifest.xml:26:5-97
19-->[androidx.core:core:1.10.1] AndroidManifest.xml:26:22-94
20
21    <application
22        android:name="android.app.Application"
22-->src\main\AndroidManifest.xml:6:9-42
23        android:appComponentFactory="androidx.core.app.CoreComponentFactory"
23-->[androidx.core:core:1.10.1] AndroidManifest.xml:28:18-86
24        android:icon="@mipmap/ic_launcher"
24-->src\main\AndroidManifest.xml:7:9-43
25        android:label="Premier Pulse" >
25-->src\main\AndroidManifest.xml:5:9-38
26        <activity
26-->src\main\AndroidManifest.xml:8:9-28:20
27            android:name="com.premier.premierpulse.MainActivity"
27-->src\main\AndroidManifest.xml:9:13-41
28            android:configChanges="orientation|keyboardHidden|keyboard|screenSize|smallestScreenSize|locale|layoutDirection|fontScale|screenLayout|density|uiMode"
28-->src\main\AndroidManifest.xml:13:13-163
29            android:exported="true"
29-->src\main\AndroidManifest.xml:10:13-36
30            android:hardwareAccelerated="true"
30-->src\main\AndroidManifest.xml:14:13-47
31            android:launchMode="singleTop"
31-->src\main\AndroidManifest.xml:11:13-43
32            android:theme="@style/LaunchTheme"
32-->src\main\AndroidManifest.xml:12:13-47
33            android:windowSoftInputMode="adjustResize" >
33-->src\main\AndroidManifest.xml:15:13-55
34
35            <!--
36                 Specifies an Android theme to apply to this Activity as soon as
37                 the Android process has started. This theme is visible to the user
38                 while the Flutter UI initializes. After that, this theme continues
39                 to determine the Window background behind the Flutter UI.
40            -->
41            <meta-data
41-->src\main\AndroidManifest.xml:20:13-23:17
42                android:name="io.flutter.embedding.android.NormalTheme"
42-->src\main\AndroidManifest.xml:21:15-70
43                android:resource="@style/NormalTheme" />
43-->src\main\AndroidManifest.xml:22:15-52
44
45            <intent-filter>
45-->src\main\AndroidManifest.xml:24:13-27:29
46                <action android:name="android.intent.action.MAIN" />
46-->src\main\AndroidManifest.xml:25:17-68
46-->src\main\AndroidManifest.xml:25:25-66
47
48                <category android:name="android.intent.category.LAUNCHER" />
48-->src\main\AndroidManifest.xml:26:17-76
48-->src\main\AndroidManifest.xml:26:27-74
49            </intent-filter>
50        </activity>
51        <!--
52             Don't delete the meta-data below.
53             This is used by the Flutter tool to generate GeneratedPluginRegistrant.java
54        -->
55        <meta-data
55-->src\main\AndroidManifest.xml:31:9-33:33
56            android:name="flutterEmbedding"
56-->src\main\AndroidManifest.xml:32:13-44
57            android:value="2" />
57-->src\main\AndroidManifest.xml:33:13-30
58
59        <service
59-->[:geolocator_android] AndroidManifest.xml:10:9-14:56
60            android:name="com.baseflow.geolocator.GeolocatorLocationService"
60-->[:geolocator_android] AndroidManifest.xml:11:13-77
61            android:enabled="true"
61-->[:geolocator_android] AndroidManifest.xml:12:13-35
62            android:exported="false"
62-->[:geolocator_android] AndroidManifest.xml:13:13-37
63            android:foregroundServiceType="location" />
63-->[:geolocator_android] AndroidManifest.xml:14:13-53
64
65        <activity
65-->[:url_launcher_android] AndroidManifest.xml:10:9-13:74
66            android:name="io.flutter.plugins.urllauncher.WebViewActivity"
66-->[:url_launcher_android] AndroidManifest.xml:11:13-74
67            android:exported="false"
67-->[:url_launcher_android] AndroidManifest.xml:12:13-37
68            android:theme="@android:style/Theme.NoTitleBar.Fullscreen" />
68-->[:url_launcher_android] AndroidManifest.xml:13:13-71
69
70        <provider
70-->[:share] AndroidManifest.xml:10:9-18:20
71            android:name="io.flutter.plugins.share.ShareFileProvider"
71-->[:share] AndroidManifest.xml:11:13-70
72            android:authorities="com.premier.premierpulse.flutter.share_provider"
72-->[:share] AndroidManifest.xml:12:13-74
73            android:exported="false"
73-->[:share] AndroidManifest.xml:13:13-37
74            android:grantUriPermissions="true" >
74-->[:share] AndroidManifest.xml:14:13-47
75            <meta-data
75-->[:share] AndroidManifest.xml:15:13-17:68
76                android:name="android.support.FILE_PROVIDER_PATHS"
76-->[:share] AndroidManifest.xml:16:17-67
77                android:resource="@xml/flutter_share_file_paths" />
77-->[:share] AndroidManifest.xml:17:17-65
78        </provider>
79
80        <uses-library
80-->[androidx.window:window:1.0.0-beta04] AndroidManifest.xml:25:9-27:40
81            android:name="androidx.window.extensions"
81-->[androidx.window:window:1.0.0-beta04] AndroidManifest.xml:26:13-54
82            android:required="false" />
82-->[androidx.window:window:1.0.0-beta04] AndroidManifest.xml:27:13-37
83        <uses-library
83-->[androidx.window:window:1.0.0-beta04] AndroidManifest.xml:28:9-30:40
84            android:name="androidx.window.sidecar"
84-->[androidx.window:window:1.0.0-beta04] AndroidManifest.xml:29:13-51
85            android:required="false" />
85-->[androidx.window:window:1.0.0-beta04] AndroidManifest.xml:30:13-37
86
87        <activity
87-->[com.google.android.gms:play-services-base:18.1.0] AndroidManifest.xml:20:9-22:45
88            android:name="com.google.android.gms.common.api.GoogleApiActivity"
88-->[com.google.android.gms:play-services-base:18.1.0] AndroidManifest.xml:20:19-85
89            android:exported="false"
89-->[com.google.android.gms:play-services-base:18.1.0] AndroidManifest.xml:22:19-43
90            android:theme="@android:style/Theme.Translucent.NoTitleBar" />
90-->[com.google.android.gms:play-services-base:18.1.0] AndroidManifest.xml:21:19-78
91
92        <meta-data
92-->[com.google.android.gms:play-services-basement:18.1.0] AndroidManifest.xml:21:9-23:69
93            android:name="com.google.android.gms.version"
93-->[com.google.android.gms:play-services-basement:18.1.0] AndroidManifest.xml:22:13-58
94            android:value="@integer/google_play_services_version" />
94-->[com.google.android.gms:play-services-basement:18.1.0] AndroidManifest.xml:23:13-66
95    </application>
96
97</manifest>